<?xml version="1.0" encoding="UTF-8"?>
<testng-results total="1" passed="1" failed="0" skipped="0">
  <reporter-output>
  </reporter-output>
  <suite started-at="2018-12-28T23:40:08Z" name="Default suite" finished-at="2018-12-28T23:40:17Z" duration-ms="9052">
    <groups>
    </groups>
    <test started-at="2018-12-28T23:40:08Z" name="Default test" finished-at="2018-12-28T23:40:17Z" duration-ms="9052">
      <class name="test.AddContractTest">
        <test-method signature="AddContact()[pri:0, instance:test.AddContractTest@68be8808]" started-at="2018-12-28T18:40:08Z" name="AddContact" finished-at="2018-12-28T18:40:17Z" duration-ms="9025" status="PASS">
          <reporter-output>
          </reporter-output>
        </test-method> <!-- AddContact -->
      </class> <!-- test.AddContractTest -->
    </test> <!-- Default test -->
  </suite> <!-- Default suite -->
</testng-results>
